


ARM Macro Assembler    Page 1 


    1 00000000                 AREA             |.SE_Key_Data|, CODE
    2 00000000                 EXPORT           SE_ReadKey
    3 00000000         SE_ReadKey
    4 00000000 B43E            PUSH             {R1-R5}
    5 00000002 F244 514F       MOVW             R1, #0x454f
    6 00000006 F6C5 714D       MOVT             R1, #0x5f4d
    7 0000000A F244 524B       MOVW             R2, #0x454b
    8 0000000E F6C5 7259       MOVT             R2, #0x5f59
    9 00000012 F644 7343       MOVW             R3, #0x4f43
   10 00000016 F2C5 034D       MOVT             R3, #0x504d
   11 0000001A F644 6441       MOVW             R4, #0x4e41
   12 0000001E F2C3 1459       MOVT             R4, #0x3159
   13 00000022 E880 001E       STM              R0, {R1-R4}
   14 00000026 BC3E            POP              {R1-R5}
   15 00000028 4770            BX               LR
   16 0000002A         
   17 0000002A                 EXPORT           SE_ReadKey_Pub
   18 0000002A         SE_ReadKey_Pub
   19 0000002A B43E            PUSH             {R1-R5}
   20 0000002C F24F 21BA       MOVW             R1, #0xf2ba
   21 00000030 F6CF 0197       MOVT             R1, #0xf897
   22 00000034 F24E 323E       MOVW             R2, #0xe33e
   23 00000038 F6CD 4207       MOVT             R2, #0xdc07
   24 0000003C F24C 3316       MOVW             R3, #0xc316
   25 00000040 F6C7 0371       MOVT             R3, #0x7871
   26 00000044 F24F 141D       MOVW             R4, #0xf11d
   27 00000048 F6C3 64B0       MOVT             R4, #0x3eb0
   28 0000004C E880 001E       STM              R0, {R1-R4}
   29 00000050 F100 0010       ADD              R0, R0,#16
   30 00000054 F249 51F0       MOVW             R1, #0x95f0
   31 00000058 F2C4 41B0       MOVT             R1, #0x44b0
   32 0000005C F241 2254       MOVW             R2, #0x1254
   33 00000060 F6C4 0281       MOVT             R2, #0x4881
   34 00000064 F642 43FB       MOVW             R3, #0x2cfb
   35 00000068 F6CB 1366       MOVT             R3, #0xb966
   36 0000006C F643 5454       MOVW             R4, #0x3d54
   37 00000070 F6C4 24A5       MOVT             R4, #0x4aa5
   38 00000074 E880 001E       STM              R0, {R1-R4}
   39 00000078 F100 0010       ADD              R0, R0,#16
   40 0000007C F242 61E8       MOVW             R1, #0x26e8
   41 00000080 F2C7 6104       MOVT             R1, #0x7604
   42 00000084 F243 72B7       MOVW             R2, #0x37b7
   43 00000088 F6C3 428B       MOVT             R2, #0x3c8b
   44 0000008C F64D 0346       MOVW             R3, #0xd846
   45 00000090 F6C6 23FD       MOVT             R3, #0x6afd
   46 00000094 F246 1463       MOVW             R4, #0x6163
   47 00000098 F2C4 647C       MOVT             R4, #0x467c
   48 0000009C E880 001E       STM              R0, {R1-R4}
   49 000000A0 F100 0010       ADD              R0, R0,#16
   50 000000A4 F647 51C3       MOVW             R1, #0x7dc3
   51 000000A8 F2C4 61E9       MOVT             R1, #0x46e9
   52 000000AC F243 1244       MOVW             R2, #0x3144
   53 000000B0 F2CD 726E       MOVT             R2, #0xd76e
   54 000000B4 F646 53E1       MOVW             R3, #0x6de1
   55 000000B8 F2C7 03BA       MOVT             R3, #0x70ba
   56 000000BC F244 44ED       MOVW             R4, #0x44ed
   57 000000C0 F2C0 24BA       MOVT             R4, #0x2ba
   58 000000C4 E880 001E       STM              R0, {R1-R4}
   59 000000C8 BC3E            POP              {R1-R5}



ARM Macro Assembler    Page 2 


   60 000000CA 4770            BX               LR
   61 000000CC                 END
Command Line: --debug --xref --diag_suppress=9931 --cpu=Cortex-M4.fp --apcs=int
erwork --depend=stm32l496g-discovery_2_images_secorebin\se_key.d -ostm32l496g-d
iscovery_2_images_secorebin\se_key.o -ID:\en.x-cube-azure3\STM32CubeExpansion_C
loud_AZURE_V1.2.0\Projects\32L496GDISCOVERY\Applications\BootLoader_OSC\2_Image
s_SECoreBin\MDK-ARM\RTE -ID:\Keil_v5\ARM\PACK\ARM\CMSIS\4.5.0\CMSIS\Include -ID
:\Keil_v5\ARM\PACK\Keil\STM32L4xx_DFP\2.2.0\Drivers\CMSIS\Device\ST\STM32L4xx\I
nclude --predefine="__MICROLIB SETA 1" --predefine="__UVISION_VERSION SETA 521"
 --predefine="_RTE_ SETA 1" --predefine="STM32L496xx SETA 1" --list=se_key.lst 
se_key.s



ARM Macro Assembler    Page 1 Alphabetic symbol ordering
Relocatable symbols

.SE_Key_Data 00000000

Symbol: .SE_Key_Data
   Definitions
      At line 1 in file se_key.s
   Uses
      None
Comment: .SE_Key_Data unused
SE_ReadKey 00000000

Symbol: SE_ReadKey
   Definitions
      At line 3 in file se_key.s
   Uses
      At line 2 in file se_key.s
Comment: SE_ReadKey used once
SE_ReadKey_Pub 0000002A

Symbol: SE_ReadKey_Pub
   Definitions
      At line 18 in file se_key.s
   Uses
      At line 17 in file se_key.s
Comment: SE_ReadKey_Pub used once
3 symbols
338 symbols in table
