


ARM Macro Assembler    Page 1 


    1 00000000         ;********************** COPYRIGHT(c) 2017  STMicroelectr
                       onics ******************
    2 00000000         ;* File Name          : startup_stm32l496xx.s
    3 00000000         ;* Author             : MCD Application Team
    4 00000000         ;* Description        : STM32L496xx Ultra Low Power devi
                       ces vector table for MDK-ARM toolchain.
    5 00000000         ;*                      This module performs:
    6 00000000         ;*                      - Set the initial SP
    7 00000000         ;*                      - Set the initial PC == Reset_Ha
                       ndler
    8 00000000         ;*                      - Set the vector table entries w
                       ith the exceptions ISR address
    9 00000000         ;*                      - Branches to __main in the C li
                       brary (which eventually
   10 00000000         ;*                        calls main()).
   11 00000000         ;*                      After Reset the Cortex-M4 proces
                       sor is in Thread mode,
   12 00000000         ;*                      priority is Privileged, and the 
                       Stack is set to Main.
   13 00000000         ;* <<< Use Configuration Wizard in Context Menu >>>
   14 00000000         ;*******************************************************
                       ************************
   15 00000000         ;*
   16 00000000         ;* Redistribution and use in source and binary forms, wi
                       th or without modification,
   17 00000000         ;* are permitted provided that the following conditions 
                       are met:
   18 00000000         ;*   1. Redistributions of source code must retain the a
                       bove copyright notice,
   19 00000000         ;*      this list of conditions and the following discla
                       imer.
   20 00000000         ;*   2. Redistributions in binary form must reproduce th
                       e above copyright notice,
   21 00000000         ;*      this list of conditions and the following discla
                       imer in the documentation
   22 00000000         ;*      and/or other materials provided with the distrib
                       ution.
   23 00000000         ;*   3. Neither the name of STMicroelectronics nor the n
                       ames of its contributors
   24 00000000         ;*      may be used to endorse or promote products deriv
                       ed from this software
   25 00000000         ;*      without specific prior written permission.
   26 00000000         ;*
   27 00000000         ;* THIS SOFTWARE IS PROVIDED BY THE COPYRIGHT HOLDERS AN
                       D CONTRIBUTORS "AS IS"
   28 00000000         ;* AND ANY EXPRESS OR IMPLIED WARRANTIES, INCLUDING, BUT
                        NOT LIMITED TO, THE
   29 00000000         ;* IMPLIED WARRANTIES OF MERCHANTABILITY AND FITNESS FOR
                        A PARTICULAR PURPOSE ARE
   30 00000000         ;* DISCLAIMED. IN NO EVENT SHALL THE COPYRIGHT HOLDER OR
                        CONTRIBUTORS BE LIABLE
   31 00000000         ;* FOR ANY DIRECT, INDIRECT, INCIDENTAL, SPECIAL, EXEMPL
                       ARY, OR CONSEQUENTIAL
   32 00000000         ;* DAMAGES (INCLUDING, BUT NOT LIMITED TO, PROCUREMENT O
                       F SUBSTITUTE GOODS OR
   33 00000000         ;* SERVICES; LOSS OF USE, DATA, OR PROFITS; OR BUSINESS 
                       INTERRUPTION) HOWEVER
   34 00000000         ;* CAUSED AND ON ANY THEORY OF LIABILITY, WHETHER IN CON
                       TRACT, STRICT LIABILITY,



ARM Macro Assembler    Page 2 


   35 00000000         ;* OR TORT (INCLUDING NEGLIGENCE OR OTHERWISE) ARISING I
                       N ANY WAY OUT OF THE USE
   36 00000000         ;* OF THIS SOFTWARE, EVEN IF ADVISED OF THE POSSIBILITY 
                       OF SUCH DAMAGE.
   37 00000000         ;*
   38 00000000         ;*******************************************************
                       ************************
   39 00000000         ;
   40 00000000         ; Amount of memory (in bytes) allocated for Stack
   41 00000000         ; Tailor this value to your application needs
   42 00000000         ; <h> Stack Configuration
   43 00000000         ;   <o> Stack Size (in Bytes) <0x0-0xFFFFFFFF:8>
   44 00000000         ; </h>
   45 00000000         
   46 00000000 00000000 
                       Stack_Size
                               EQU              0x00
   47 00000000         
   48 00000000                 AREA             STACK, NOINIT, READWRITE, ALIGN
=3
   49 00000000         Stack_Mem
                               SPACE            Stack_Size
   50 00000000         __initial_sp
   51 00000000         
   52 00000000         
   53 00000000         ; <h> Heap Configuration
   54 00000000         ;   <o>  Heap Size (in Bytes) <0x0-0xFFFFFFFF:8>
   55 00000000         ; </h>
   56 00000000         
   57 00000000 00001000 
                       Heap_Size
                               EQU              0x1000
   58 00000000         
   59 00000000                 AREA             HEAP, NOINIT, READWRITE, ALIGN=
3
   60 00000000         __heap_base
   61 00000000         Heap_Mem
                               SPACE            Heap_Size
   62 00001000         __heap_limit
   63 00001000         
   64 00001000                 PRESERVE8
   65 00001000                 THUMB
   66 00001000         
   67 00001000         
   68 00001000         ; Vector Table Mapped to Address 0 at Reset
   69 00001000                 AREA             RESET, DATA, READONLY
   70 00000000                 EXPORT           __Vectors
   71 00000000                 EXPORT           __Vectors_End
   72 00000000                 EXPORT           __Vectors_Size
   73 00000000         
   74 00000000 00000000 
                       __Vectors
                               DCD              0           ; Top of Stack
   75 00000004 00000000        DCD              Reset_Handler ; Reset Handler
   76 00000008 00000000        DCD              NMI_Handler ; NMI Handler
   77 0000000C 00000000        DCD              HardFault_Handler ; Hard Fault 
                                                            Handler
   78 00000010 00000000        DCD              MemManage_Handler 
                                                            ; MPU Fault Handler



ARM Macro Assembler    Page 3 


                                                            
   79 00000014 00000000        DCD              BusFault_Handler 
                                                            ; Bus Fault Handler
                                                            
   80 00000018 00000000        DCD              UsageFault_Handler ; Usage Faul
                                                            t Handler
   81 0000001C 00000000        DCD              0           ; Reserved
   82 00000020 00000000        DCD              0           ; Reserved
   83 00000024 00000000        DCD              0           ; Reserved
   84 00000028 00000000        DCD              0           ; Reserved
   85 0000002C 00000000        DCD              SVC_Handler ; SVCall Handler
   86 00000030 00000000        DCD              DebugMon_Handler ; Debug Monito
                                                            r Handler
   87 00000034 00000000        DCD              0           ; Reserved
   88 00000038 00000000        DCD              PendSV_Handler ; PendSV Handler
                                                            
   89 0000003C 00000000        DCD              SysTick_Handler 
                                                            ; SysTick Handler
   90 00000040         
   91 00000040         ; External Interrupts
   92 00000040 00000000        DCD              WWDG_IRQHandler 
                                                            ; Window WatchDog
   93 00000044 00000000        DCD              PVD_PVM_IRQHandler ; PVD/PVM1/P
                                                            VM2/PVM3/PVM4 throu
                                                            gh EXTI Line detect
                                                            ion
   94 00000048 00000000        DCD              TAMP_STAMP_IRQHandler ; Tamper 
                                                            and TimeStamps thro
                                                            ugh the EXTI line
   95 0000004C 00000000        DCD              RTC_WKUP_IRQHandler ; RTC Wakeu
                                                            p through the EXTI 
                                                            line
   96 00000050 00000000        DCD              FLASH_IRQHandler ; FLASH
   97 00000054 00000000        DCD              RCC_IRQHandler ; RCC
   98 00000058 00000000        DCD              EXTI0_IRQHandler ; EXTI Line0
   99 0000005C 00000000        DCD              EXTI1_IRQHandler ; EXTI Line1
  100 00000060 00000000        DCD              EXTI2_IRQHandler ; EXTI Line2
  101 00000064 00000000        DCD              EXTI3_IRQHandler ; EXTI Line3
  102 00000068 00000000        DCD              EXTI4_IRQHandler ; EXTI Line4
  103 0000006C 00000000        DCD              DMA1_Channel1_IRQHandler 
                                                            ; DMA1 Channel 1
  104 00000070 00000000        DCD              DMA1_Channel2_IRQHandler 
                                                            ; DMA1 Channel 2
  105 00000074 00000000        DCD              DMA1_Channel3_IRQHandler 
                                                            ; DMA1 Channel 3
  106 00000078 00000000        DCD              DMA1_Channel4_IRQHandler 
                                                            ; DMA1 Channel 4
  107 0000007C 00000000        DCD              DMA1_Channel5_IRQHandler 
                                                            ; DMA1 Channel 5
  108 00000080 00000000        DCD              DMA1_Channel6_IRQHandler 
                                                            ; DMA1 Channel 6
  109 00000084 00000000        DCD              DMA1_Channel7_IRQHandler 
                                                            ; DMA1 Channel 7
  110 00000088 00000000        DCD              ADC1_2_IRQHandler ; ADC1, ADC2
  111 0000008C 00000000        DCD              CAN1_TX_IRQHandler ; CAN1 TX
  112 00000090 00000000        DCD              CAN1_RX0_IRQHandler ; CAN1 RX0
  113 00000094 00000000        DCD              CAN1_RX1_IRQHandler ; CAN1 RX1
  114 00000098 00000000        DCD              CAN1_SCE_IRQHandler ; CAN1 SCE
  115 0000009C 00000000        DCD              EXTI9_5_IRQHandler ; External L



ARM Macro Assembler    Page 4 


                                                            ine[9:5]s
  116 000000A0 00000000        DCD              TIM1_BRK_TIM15_IRQHandler ; TIM
                                                            1 Break and TIM15
  117 000000A4 00000000        DCD              TIM1_UP_TIM16_IRQHandler ; TIM1
                                                             Update and TIM16
  118 000000A8 00000000        DCD              TIM1_TRG_COM_TIM17_IRQHandler ;
                                                             TIM1 Trigger and C
                                                            ommutation and TIM1
                                                            7
  119 000000AC 00000000        DCD              TIM1_CC_IRQHandler ; TIM1 Captu
                                                            re Compare
  120 000000B0 00000000        DCD              TIM2_IRQHandler ; TIM2
  121 000000B4 00000000        DCD              TIM3_IRQHandler ; TIM3
  122 000000B8 00000000        DCD              TIM4_IRQHandler ; TIM4
  123 000000BC 00000000        DCD              I2C1_EV_IRQHandler ; I2C1 Event
                                                            
  124 000000C0 00000000        DCD              I2C1_ER_IRQHandler ; I2C1 Error
                                                            
  125 000000C4 00000000        DCD              I2C2_EV_IRQHandler ; I2C2 Event
                                                            
  126 000000C8 00000000        DCD              I2C2_ER_IRQHandler ; I2C2 Error
                                                            
  127 000000CC 00000000        DCD              SPI1_IRQHandler ; SPI1
  128 000000D0 00000000        DCD              SPI2_IRQHandler ; SPI2
  129 000000D4 00000000        DCD              USART1_IRQHandler ; USART1
  130 000000D8 00000000        DCD              USART2_IRQHandler ; USART2
  131 000000DC 00000000        DCD              USART3_IRQHandler ; USART3
  132 000000E0 00000000        DCD              EXTI15_10_IRQHandler ; External
                                                             Line[15:10]
  133 000000E4 00000000        DCD              RTC_Alarm_IRQHandler ; RTC Alar
                                                            m (A and B) through
                                                             EXTI Line
  134 000000E8 00000000        DCD              DFSDM1_FLT3_IRQHandler ; DFSDM1
                                                             Filter 3 global In
                                                            terrupt
  135 000000EC 00000000        DCD              TIM8_BRK_IRQHandler ; TIM8 Brea
                                                            k Interrupt
  136 000000F0 00000000        DCD              TIM8_UP_IRQHandler ; TIM8 Updat
                                                            e Interrupt
  137 000000F4 00000000        DCD              TIM8_TRG_COM_IRQHandler ; TIM8 
                                                            Trigger and Commuta
                                                            tion Interrupt
  138 000000F8 00000000        DCD              TIM8_CC_IRQHandler ; TIM8 Captu
                                                            re Compare Interrup
                                                            t
  139 000000FC 00000000        DCD              ADC3_IRQHandler ; ADC3 global  
                                                            Interrupt
  140 00000100 00000000        DCD              FMC_IRQHandler ; FMC
  141 00000104 00000000        DCD              SDMMC1_IRQHandler ; SDMMC1
  142 00000108 00000000        DCD              TIM5_IRQHandler ; TIM5
  143 0000010C 00000000        DCD              SPI3_IRQHandler ; SPI3
  144 00000110 00000000        DCD              UART4_IRQHandler ; UART4
  145 00000114 00000000        DCD              UART5_IRQHandler ; UART5
  146 00000118 00000000        DCD              TIM6_DAC_IRQHandler ; TIM6 and 
                                                            DAC1&2 underrun err
                                                            ors
  147 0000011C 00000000        DCD              TIM7_IRQHandler ; TIM7
  148 00000120 00000000        DCD              DMA2_Channel1_IRQHandler 
                                                            ; DMA2 Channel 1



ARM Macro Assembler    Page 5 


  149 00000124 00000000        DCD              DMA2_Channel2_IRQHandler 
                                                            ; DMA2 Channel 2
  150 00000128 00000000        DCD              DMA2_Channel3_IRQHandler 
                                                            ; DMA2 Channel 3
  151 0000012C 00000000        DCD              DMA2_Channel4_IRQHandler 
                                                            ; DMA2 Channel 4
  152 00000130 00000000        DCD              DMA2_Channel5_IRQHandler 
                                                            ; DMA2 Channel 5
  153 00000134 00000000        DCD              DFSDM1_FLT0_IRQHandler ; DFSDM1
                                                             Filter 0 global In
                                                            terrupt
  154 00000138 00000000        DCD              DFSDM1_FLT1_IRQHandler ; DFSDM1
                                                             Filter 1 global In
                                                            terrupt
  155 0000013C 00000000        DCD              DFSDM1_FLT2_IRQHandler ; DFSDM1
                                                             Filter 2 global In
                                                            terrupt
  156 00000140 00000000        DCD              COMP_IRQHandler 
                                                            ; COMP Interrupt
  157 00000144 00000000        DCD              LPTIM1_IRQHandler 
                                                            ; LP TIM1 interrupt
                                                            
  158 00000148 00000000        DCD              LPTIM2_IRQHandler 
                                                            ; LP TIM2 interrupt
                                                            
  159 0000014C 00000000        DCD              OTG_FS_IRQHandler ; USB OTG FS
  160 00000150 00000000        DCD              DMA2_Channel6_IRQHandler 
                                                            ; DMA2 Channel 6
  161 00000154 00000000        DCD              DMA2_Channel7_IRQHandler 
                                                            ; DMA2 Channel 7
  162 00000158 00000000        DCD              LPUART1_IRQHandler ; LP UART1 i
                                                            nterrupt
  163 0000015C 00000000        DCD              QUADSPI_IRQHandler ; Quad SPI g
                                                            lobal interrupt
  164 00000160 00000000        DCD              I2C3_EV_IRQHandler ; I2C3 event
                                                            
  165 00000164 00000000        DCD              I2C3_ER_IRQHandler ; I2C3 error
                                                            
  166 00000168 00000000        DCD              SAI1_IRQHandler ; Serial Audio 
                                                            Interface 1 global 
                                                            interrupt
  167 0000016C 00000000        DCD              SAI2_IRQHandler ; Serial Audio 
                                                            Interface 2 global 
                                                            interrupt
  168 00000170 00000000        DCD              SWPMI1_IRQHandler ; Serial Wire
                                                             Interface 1 global
                                                             interrupt
  169 00000174 00000000        DCD              TSC_IRQHandler ; Touch Sense Co
                                                            ntroller global int
                                                            errupt
  170 00000178 00000000        DCD              LCD_IRQHandler ; LCD global int
                                                            errupt
  171 0000017C 00000000        DCD              0           ; Reserved
  172 00000180 00000000        DCD              RNG_IRQHandler ; RNG global int
                                                            errupt
  173 00000184 00000000        DCD              FPU_IRQHandler ; FPU
  174 00000188 00000000        DCD              CRS_IRQHandler ; CRS error
  175 0000018C 00000000        DCD              I2C4_EV_IRQHandler ; I2C4 event
                                                            



ARM Macro Assembler    Page 6 


  176 00000190 00000000        DCD              I2C4_ER_IRQHandler ; I2C4 error
                                                            
  177 00000194 00000000        DCD              DCMI_IRQHandler ; DCMI global i
                                                            nterrupt
  178 00000198 00000000        DCD              CAN2_TX_IRQHandler ; CAN2 TX
  179 0000019C 00000000        DCD              CAN2_RX0_IRQHandler ; CAN2 RX0
  180 000001A0 00000000        DCD              CAN2_RX1_IRQHandler ; CAN2 RX1
  181 000001A4 00000000        DCD              CAN2_SCE_IRQHandler ; CAN2 SCE
  182 000001A8 00000000        DCD              DMA2D_IRQHandler ; DMA2D global
                                                             interrupt
  183 000001AC         
  184 000001AC         __Vectors_End
  185 000001AC         
  186 000001AC 000001AC 
                       __Vectors_Size
                               EQU              __Vectors_End - __Vectors
  187 000001AC         
  188 000001AC                 AREA             |.text|, CODE, READONLY
  189 00000000         
  190 00000000         ; Reset handler
  191 00000000         Reset_Handler
                               PROC
  192 00000000                 EXPORT           Reset_Handler             [WEAK
]
  193 00000000         ;     IMPORT  SystemInit
  194 00000000         ;     IMPORT  __main
  195 00000000         
  196 00000000         ;              LDR     R0, =SystemInit
  197 00000000         ;              BLX     R0
  198 00000000         ;              LDR     R0, =__main
  199 00000000         ;              BX      R0
  200 00000000                 ENDP
  201 00000000         
  202 00000000         ; Dummy Exception Handlers (infinite loops which can be 
                       modified)
  203 00000000         
  204 00000000         NMI_Handler
                               PROC
  205 00000000                 EXPORT           NMI_Handler                [WEA
K]
  206 00000000 E7FE            B                .
  207 00000002                 ENDP
  209 00000002         HardFault_Handler
                               PROC
  210 00000002                 EXPORT           HardFault_Handler          [WEA
K]
  211 00000002 E7FE            B                .
  212 00000004                 ENDP
  214 00000004         MemManage_Handler
                               PROC
  215 00000004                 EXPORT           MemManage_Handler          [WEA
K]
  216 00000004 E7FE            B                .
  217 00000006                 ENDP
  219 00000006         BusFault_Handler
                               PROC
  220 00000006                 EXPORT           BusFault_Handler           [WEA
K]
  221 00000006 E7FE            B                .



ARM Macro Assembler    Page 7 


  222 00000008                 ENDP
  224 00000008         UsageFault_Handler
                               PROC
  225 00000008                 EXPORT           UsageFault_Handler         [WEA
K]
  226 00000008 E7FE            B                .
  227 0000000A                 ENDP
  228 0000000A         SVC_Handler
                               PROC
  229 0000000A                 EXPORT           SVC_Handler                [WEA
K]
  230 0000000A E7FE            B                .
  231 0000000C                 ENDP
  233 0000000C         DebugMon_Handler
                               PROC
  234 0000000C                 EXPORT           DebugMon_Handler           [WEA
K]
  235 0000000C E7FE            B                .
  236 0000000E                 ENDP
  237 0000000E         PendSV_Handler
                               PROC
  238 0000000E                 EXPORT           PendSV_Handler             [WEA
K]
  239 0000000E E7FE            B                .
  240 00000010                 ENDP
  241 00000010         SysTick_Handler
                               PROC
  242 00000010                 EXPORT           SysTick_Handler            [WEA
K]
  243 00000010 E7FE            B                .
  244 00000012                 ENDP
  245 00000012         
  246 00000012         Default_Handler
                               PROC
  247 00000012         
  248 00000012                 EXPORT           WWDG_IRQHandler                
   [WEAK]
  249 00000012                 EXPORT           PVD_PVM_IRQHandler             
   [WEAK]
  250 00000012                 EXPORT           TAMP_STAMP_IRQHandler          
   [WEAK]
  251 00000012                 EXPORT           RTC_WKUP_IRQHandler            
   [WEAK]
  252 00000012                 EXPORT           FLASH_IRQHandler               
   [WEAK]
  253 00000012                 EXPORT           RCC_IRQHandler                 
   [WEAK]
  254 00000012                 EXPORT           EXTI0_IRQHandler               
   [WEAK]
  255 00000012                 EXPORT           EXTI1_IRQHandler               
   [WEAK]
  256 00000012                 EXPORT           EXTI2_IRQHandler               
   [WEAK]
  257 00000012                 EXPORT           EXTI3_IRQHandler               
   [WEAK]
  258 00000012                 EXPORT           EXTI4_IRQHandler               
   [WEAK]
  259 00000012                 EXPORT           DMA1_Channel1_IRQHandler       
   [WEAK]



ARM Macro Assembler    Page 8 


  260 00000012                 EXPORT           DMA1_Channel2_IRQHandler       
   [WEAK]
  261 00000012                 EXPORT           DMA1_Channel3_IRQHandler       
   [WEAK]
  262 00000012                 EXPORT           DMA1_Channel4_IRQHandler       
   [WEAK]
  263 00000012                 EXPORT           DMA1_Channel5_IRQHandler       
   [WEAK]
  264 00000012                 EXPORT           DMA1_Channel6_IRQHandler       
   [WEAK]
  265 00000012                 EXPORT           DMA1_Channel7_IRQHandler       
   [WEAK]
  266 00000012                 EXPORT           ADC1_2_IRQHandler              
   [WEAK]
  267 00000012                 EXPORT           CAN1_TX_IRQHandler             
   [WEAK]
  268 00000012                 EXPORT           CAN1_RX0_IRQHandler            
   [WEAK]
  269 00000012                 EXPORT           CAN1_RX1_IRQHandler            
   [WEAK]
  270 00000012                 EXPORT           CAN1_SCE_IRQHandler            
   [WEAK]
  271 00000012                 EXPORT           EXTI9_5_IRQHandler             
   [WEAK]
  272 00000012                 EXPORT           TIM1_BRK_TIM15_IRQHandler      
   [WEAK]
  273 00000012                 EXPORT           TIM1_UP_TIM16_IRQHandler       
   [WEAK]
  274 00000012                 EXPORT           TIM1_TRG_COM_TIM17_IRQHandler  
   [WEAK]
  275 00000012                 EXPORT           TIM1_CC_IRQHandler             
   [WEAK]
  276 00000012                 EXPORT           TIM2_IRQHandler                
   [WEAK]
  277 00000012                 EXPORT           TIM3_IRQHandler                
   [WEAK]
  278 00000012                 EXPORT           TIM4_IRQHandler                
   [WEAK]
  279 00000012                 EXPORT           I2C1_EV_IRQHandler             
   [WEAK]
  280 00000012                 EXPORT           I2C1_ER_IRQHandler             
   [WEAK]
  281 00000012                 EXPORT           I2C2_EV_IRQHandler             
   [WEAK]
  282 00000012                 EXPORT           I2C2_ER_IRQHandler             
   [WEAK]
  283 00000012                 EXPORT           SPI1_IRQHandler                
   [WEAK]
  284 00000012                 EXPORT           SPI2_IRQHandler                
   [WEAK]
  285 00000012                 EXPORT           USART1_IRQHandler              
   [WEAK]
  286 00000012                 EXPORT           USART2_IRQHandler              
   [WEAK]
  287 00000012                 EXPORT           USART3_IRQHandler              
   [WEAK]
  288 00000012                 EXPORT           EXTI15_10_IRQHandler           
   [WEAK]
  289 00000012                 EXPORT           RTC_Alarm_IRQHandler           



ARM Macro Assembler    Page 9 


   [WEAK]
  290 00000012                 EXPORT           DFSDM1_FLT3_IRQHandler         
        [WEAK]
  291 00000012                 EXPORT           TIM8_BRK_IRQHandler            
   [WEAK]
  292 00000012                 EXPORT           TIM8_UP_IRQHandler             
   [WEAK]
  293 00000012                 EXPORT           TIM8_TRG_COM_IRQHandler        
   [WEAK]
  294 00000012                 EXPORT           TIM8_CC_IRQHandler             
   [WEAK]
  295 00000012                 EXPORT           ADC3_IRQHandler                
   [WEAK]
  296 00000012                 EXPORT           FMC_IRQHandler                 
   [WEAK]
  297 00000012                 EXPORT           SDMMC1_IRQHandler              
   [WEAK]
  298 00000012                 EXPORT           TIM5_IRQHandler                
   [WEAK]
  299 00000012                 EXPORT           SPI3_IRQHandler                
   [WEAK]
  300 00000012                 EXPORT           UART4_IRQHandler               
   [WEAK]
  301 00000012                 EXPORT           UART5_IRQHandler               
   [WEAK]
  302 00000012                 EXPORT           TIM6_DAC_IRQHandler            
   [WEAK]
  303 00000012                 EXPORT           TIM7_IRQHandler                
   [WEAK]
  304 00000012                 EXPORT           DMA2_Channel1_IRQHandler       
   [WEAK]
  305 00000012                 EXPORT           DMA2_Channel2_IRQHandler       
   [WEAK]
  306 00000012                 EXPORT           DMA2_Channel3_IRQHandler       
   [WEAK]
  307 00000012                 EXPORT           DMA2_Channel4_IRQHandler       
   [WEAK]
  308 00000012                 EXPORT           DMA2_Channel5_IRQHandler       
   [WEAK]
  309 00000012                 EXPORT           DFSDM1_FLT0_IRQHandler         
   [WEAK]
  310 00000012                 EXPORT           DFSDM1_FLT1_IRQHandler         
   [WEAK]
  311 00000012                 EXPORT           DFSDM1_FLT2_IRQHandler         
   [WEAK]
  312 00000012                 EXPORT           COMP_IRQHandler                
   [WEAK]
  313 00000012                 EXPORT           LPTIM1_IRQHandler              
   [WEAK]
  314 00000012                 EXPORT           LPTIM2_IRQHandler              
   [WEAK]
  315 00000012                 EXPORT           OTG_FS_IRQHandler              
   [WEAK]
  316 00000012                 EXPORT           DMA2_Channel6_IRQHandler       
   [WEAK]
  317 00000012                 EXPORT           DMA2_Channel7_IRQHandler       
   [WEAK]
  318 00000012                 EXPORT           LPUART1_IRQHandler             
   [WEAK]



ARM Macro Assembler    Page 10 


  319 00000012                 EXPORT           QUADSPI_IRQHandler             
   [WEAK]
  320 00000012                 EXPORT           I2C3_EV_IRQHandler             
   [WEAK]
  321 00000012                 EXPORT           I2C3_ER_IRQHandler             
   [WEAK]
  322 00000012                 EXPORT           SAI1_IRQHandler                
   [WEAK]
  323 00000012                 EXPORT           SAI2_IRQHandler                
   [WEAK]
  324 00000012                 EXPORT           SWPMI1_IRQHandler              
   [WEAK]
  325 00000012                 EXPORT           TSC_IRQHandler                 
   [WEAK]
  326 00000012                 EXPORT           LCD_IRQHandler                 
   [WEAK]
  327 00000012                 EXPORT           RNG_IRQHandler                 
   [WEAK]
  328 00000012                 EXPORT           FPU_IRQHandler                 
   [WEAK]
  329 00000012                 EXPORT           CRS_IRQHandler                 
   [WEAK]
  330 00000012                 EXPORT           I2C4_EV_IRQHandler             
   [WEAK]
  331 00000012                 EXPORT           I2C4_ER_IRQHandler             
   [WEAK]
  332 00000012                 EXPORT           DCMI_IRQHandler                
   [WEAK]
  333 00000012                 EXPORT           CAN2_TX_IRQHandler             
   [WEAK]
  334 00000012                 EXPORT           CAN2_RX0_IRQHandler            
   [WEAK]
  335 00000012                 EXPORT           CAN2_RX1_IRQHandler            
   [WEAK]
  336 00000012                 EXPORT           CAN2_SCE_IRQHandler            
   [WEAK]
  337 00000012                 EXPORT           DMA2D_IRQHandler               
   [WEAK]
  338 00000012         
  339 00000012         WWDG_IRQHandler
  340 00000012         PVD_PVM_IRQHandler
  341 00000012         TAMP_STAMP_IRQHandler
  342 00000012         RTC_WKUP_IRQHandler
  343 00000012         FLASH_IRQHandler
  344 00000012         RCC_IRQHandler
  345 00000012         EXTI0_IRQHandler
  346 00000012         EXTI1_IRQHandler
  347 00000012         EXTI2_IRQHandler
  348 00000012         EXTI3_IRQHandler
  349 00000012         EXTI4_IRQHandler
  350 00000012         DMA1_Channel1_IRQHandler
  351 00000012         DMA1_Channel2_IRQHandler
  352 00000012         DMA1_Channel3_IRQHandler
  353 00000012         DMA1_Channel4_IRQHandler
  354 00000012         DMA1_Channel5_IRQHandler
  355 00000012         DMA1_Channel6_IRQHandler
  356 00000012         DMA1_Channel7_IRQHandler
  357 00000012         ADC1_2_IRQHandler
  358 00000012         CAN1_TX_IRQHandler



ARM Macro Assembler    Page 11 


  359 00000012         CAN1_RX0_IRQHandler
  360 00000012         CAN1_RX1_IRQHandler
  361 00000012         CAN1_SCE_IRQHandler
  362 00000012         EXTI9_5_IRQHandler
  363 00000012         TIM1_BRK_TIM15_IRQHandler
  364 00000012         TIM1_UP_TIM16_IRQHandler
  365 00000012         TIM1_TRG_COM_TIM17_IRQHandler
  366 00000012         TIM1_CC_IRQHandler
  367 00000012         TIM2_IRQHandler
  368 00000012         TIM3_IRQHandler
  369 00000012         TIM4_IRQHandler
  370 00000012         I2C1_EV_IRQHandler
  371 00000012         I2C1_ER_IRQHandler
  372 00000012         I2C2_EV_IRQHandler
  373 00000012         I2C2_ER_IRQHandler
  374 00000012         SPI1_IRQHandler
  375 00000012         SPI2_IRQHandler
  376 00000012         USART1_IRQHandler
  377 00000012         USART2_IRQHandler
  378 00000012         USART3_IRQHandler
  379 00000012         EXTI15_10_IRQHandler
  380 00000012         RTC_Alarm_IRQHandler
  381 00000012         DFSDM1_FLT3_IRQHandler
  382 00000012         TIM8_BRK_IRQHandler
  383 00000012         TIM8_UP_IRQHandler
  384 00000012         TIM8_TRG_COM_IRQHandler
  385 00000012         TIM8_CC_IRQHandler
  386 00000012         ADC3_IRQHandler
  387 00000012         FMC_IRQHandler
  388 00000012         SDMMC1_IRQHandler
  389 00000012         TIM5_IRQHandler
  390 00000012         SPI3_IRQHandler
  391 00000012         UART4_IRQHandler
  392 00000012         UART5_IRQHandler
  393 00000012         TIM6_DAC_IRQHandler
  394 00000012         TIM7_IRQHandler
  395 00000012         DMA2_Channel1_IRQHandler
  396 00000012         DMA2_Channel2_IRQHandler
  397 00000012         DMA2_Channel3_IRQHandler
  398 00000012         DMA2_Channel4_IRQHandler
  399 00000012         DMA2_Channel5_IRQHandler
  400 00000012         DFSDM1_FLT0_IRQHandler
  401 00000012         DFSDM1_FLT1_IRQHandler
  402 00000012         DFSDM1_FLT2_IRQHandler
  403 00000012         COMP_IRQHandler
  404 00000012         LPTIM1_IRQHandler
  405 00000012         LPTIM2_IRQHandler
  406 00000012         OTG_FS_IRQHandler
  407 00000012         DMA2_Channel6_IRQHandler
  408 00000012         DMA2_Channel7_IRQHandler
  409 00000012         LPUART1_IRQHandler
  410 00000012         QUADSPI_IRQHandler
  411 00000012         I2C3_EV_IRQHandler
  412 00000012         I2C3_ER_IRQHandler
  413 00000012         SAI1_IRQHandler
  414 00000012         SAI2_IRQHandler
  415 00000012         SWPMI1_IRQHandler
  416 00000012         TSC_IRQHandler
  417 00000012         LCD_IRQHandler



ARM Macro Assembler    Page 12 


  418 00000012         RNG_IRQHandler
  419 00000012         FPU_IRQHandler
  420 00000012         CRS_IRQHandler
  421 00000012         I2C4_EV_IRQHandler
  422 00000012         I2C4_ER_IRQHandler
  423 00000012         DCMI_IRQHandler
  424 00000012         CAN2_TX_IRQHandler
  425 00000012         CAN2_RX0_IRQHandler
  426 00000012         CAN2_RX1_IRQHandler
  427 00000012         CAN2_SCE_IRQHandler
  428 00000012         DMA2D_IRQHandler
  429 00000012         
  430 00000012 E7FE            B                .
  431 00000014         
  432 00000014                 ENDP
  433 00000014         
  434 00000014                 ALIGN
  435 00000014         
  436 00000014         ;*******************************************************
                       ************************
  437 00000014         ; User Stack and Heap initialization
  438 00000014         ;*******************************************************
                       ************************
  439 00000014                 IF               :DEF:__MICROLIB
  440 00000014         
  441 00000014                 EXPORT           __initial_sp
  442 00000014                 EXPORT           __heap_base
  443 00000014                 EXPORT           __heap_limit
  444 00000014         
  445 00000014                 ELSE
  460                          ENDIF
  461 00000014         
  462 00000014                 END
Command Line: --debug --xref --diag_suppress=9931 --cpu=Cortex-M4.fp --apcs=int
erwork --depend=stm32l496g-discovery_2_images_secorebin\startup_stm32l496xx.d -
ostm32l496g-discovery_2_images_secorebin\startup_stm32l496xx.o -ID:\en.x-cube-a
zure3\STM32CubeExpansion_Cloud_AZURE_V1.2.0\Projects\32L496GDISCOVERY\Applicati
ons\BootLoader_OSC\2_Images_SECoreBin\MDK-ARM\RTE -ID:\Keil_v5\ARM\PACK\ARM\CMS
IS\4.5.0\CMSIS\Include -ID:\Keil_v5\ARM\PACK\Keil\STM32L4xx_DFP\2.2.0\Drivers\C
MSIS\Device\ST\STM32L4xx\Include --predefine="__MICROLIB SETA 1" --predefine="_
_UVISION_VERSION SETA 521" --predefine="_RTE_ SETA 1" --predefine="STM32L496xx 
SETA 1" --list=startup_stm32l496xx.lst startup_stm32l496xx.s



ARM Macro Assembler    Page 1 Alphabetic symbol ordering
Relocatable symbols

STACK 00000000

Symbol: STACK
   Definitions
      At line 48 in file startup_stm32l496xx.s
   Uses
      None
Comment: STACK unused
Stack_Mem 00000000

Symbol: Stack_Mem
   Definitions
      At line 49 in file startup_stm32l496xx.s
   Uses
      None
Comment: Stack_Mem unused
__initial_sp 00000000

Symbol: __initial_sp
   Definitions
      At line 50 in file startup_stm32l496xx.s
   Uses
      At line 441 in file startup_stm32l496xx.s
Comment: __initial_sp used once
3 symbols



ARM Macro Assembler    Page 1 Alphabetic symbol ordering
Relocatable symbols

HEAP 00000000

Symbol: HEAP
   Definitions
      At line 59 in file startup_stm32l496xx.s
   Uses
      None
Comment: HEAP unused
Heap_Mem 00000000

Symbol: Heap_Mem
   Definitions
      At line 61 in file startup_stm32l496xx.s
   Uses
      None
Comment: Heap_Mem unused
__heap_base 00000000

Symbol: __heap_base
   Definitions
      At line 60 in file startup_stm32l496xx.s
   Uses
      At line 442 in file startup_stm32l496xx.s
Comment: __heap_base used once
__heap_limit 00001000

Symbol: __heap_limit
   Definitions
      At line 62 in file startup_stm32l496xx.s
   Uses
      At line 443 in file startup_stm32l496xx.s
Comment: __heap_limit used once
4 symbols



ARM Macro Assembler    Page 1 Alphabetic symbol ordering
Relocatable symbols

RESET 00000000

Symbol: RESET
   Definitions
      At line 69 in file startup_stm32l496xx.s
   Uses
      None
Comment: RESET unused
__Vectors 00000000

Symbol: __Vectors
   Definitions
      At line 74 in file startup_stm32l496xx.s
   Uses
      At line 70 in file startup_stm32l496xx.s
      At line 186 in file startup_stm32l496xx.s

__Vectors_End 000001AC

Symbol: __Vectors_End
   Definitions
      At line 184 in file startup_stm32l496xx.s
   Uses
      At line 71 in file startup_stm32l496xx.s
      At line 186 in file startup_stm32l496xx.s

3 symbols



ARM Macro Assembler    Page 1 Alphabetic symbol ordering
Relocatable symbols

.text 00000000

Symbol: .text
   Definitions
      At line 188 in file startup_stm32l496xx.s
   Uses
      None
Comment: .text unused
ADC1_2_IRQHandler 00000012

Symbol: ADC1_2_IRQHandler
   Definitions
      At line 357 in file startup_stm32l496xx.s
   Uses
      At line 110 in file startup_stm32l496xx.s
      At line 266 in file startup_stm32l496xx.s

ADC3_IRQHandler 00000012

Symbol: ADC3_IRQHandler
   Definitions
      At line 386 in file startup_stm32l496xx.s
   Uses
      At line 139 in file startup_stm32l496xx.s
      At line 295 in file startup_stm32l496xx.s

BusFault_Handler 00000006

Symbol: BusFault_Handler
   Definitions
      At line 219 in file startup_stm32l496xx.s
   Uses
      At line 79 in file startup_stm32l496xx.s
      At line 220 in file startup_stm32l496xx.s

CAN1_RX0_IRQHandler 00000012

Symbol: CAN1_RX0_IRQHandler
   Definitions
      At line 359 in file startup_stm32l496xx.s
   Uses
      At line 112 in file startup_stm32l496xx.s
      At line 268 in file startup_stm32l496xx.s

CAN1_RX1_IRQHandler 00000012

Symbol: CAN1_RX1_IRQHandler
   Definitions
      At line 360 in file startup_stm32l496xx.s
   Uses
      At line 113 in file startup_stm32l496xx.s
      At line 269 in file startup_stm32l496xx.s

CAN1_SCE_IRQHandler 00000012

Symbol: CAN1_SCE_IRQHandler
   Definitions
      At line 361 in file startup_stm32l496xx.s
   Uses



ARM Macro Assembler    Page 2 Alphabetic symbol ordering
Relocatable symbols

      At line 114 in file startup_stm32l496xx.s
      At line 270 in file startup_stm32l496xx.s

CAN1_TX_IRQHandler 00000012

Symbol: CAN1_TX_IRQHandler
   Definitions
      At line 358 in file startup_stm32l496xx.s
   Uses
      At line 111 in file startup_stm32l496xx.s
      At line 267 in file startup_stm32l496xx.s

CAN2_RX0_IRQHandler 00000012

Symbol: CAN2_RX0_IRQHandler
   Definitions
      At line 425 in file startup_stm32l496xx.s
   Uses
      At line 179 in file startup_stm32l496xx.s
      At line 334 in file startup_stm32l496xx.s

CAN2_RX1_IRQHandler 00000012

Symbol: CAN2_RX1_IRQHandler
   Definitions
      At line 426 in file startup_stm32l496xx.s
   Uses
      At line 180 in file startup_stm32l496xx.s
      At line 335 in file startup_stm32l496xx.s

CAN2_SCE_IRQHandler 00000012

Symbol: CAN2_SCE_IRQHandler
   Definitions
      At line 427 in file startup_stm32l496xx.s
   Uses
      At line 181 in file startup_stm32l496xx.s
      At line 336 in file startup_stm32l496xx.s

CAN2_TX_IRQHandler 00000012

Symbol: CAN2_TX_IRQHandler
   Definitions
      At line 424 in file startup_stm32l496xx.s
   Uses
      At line 178 in file startup_stm32l496xx.s
      At line 333 in file startup_stm32l496xx.s

COMP_IRQHandler 00000012

Symbol: COMP_IRQHandler
   Definitions
      At line 403 in file startup_stm32l496xx.s
   Uses
      At line 156 in file startup_stm32l496xx.s
      At line 312 in file startup_stm32l496xx.s

CRS_IRQHandler 00000012




ARM Macro Assembler    Page 3 Alphabetic symbol ordering
Relocatable symbols

Symbol: CRS_IRQHandler
   Definitions
      At line 420 in file startup_stm32l496xx.s
   Uses
      At line 174 in file startup_stm32l496xx.s
      At line 329 in file startup_stm32l496xx.s

DCMI_IRQHandler 00000012

Symbol: DCMI_IRQHandler
   Definitions
      At line 423 in file startup_stm32l496xx.s
   Uses
      At line 177 in file startup_stm32l496xx.s
      At line 332 in file startup_stm32l496xx.s

DFSDM1_FLT0_IRQHandler 00000012

Symbol: DFSDM1_FLT0_IRQHandler
   Definitions
      At line 400 in file startup_stm32l496xx.s
   Uses
      At line 153 in file startup_stm32l496xx.s
      At line 309 in file startup_stm32l496xx.s

DFSDM1_FLT1_IRQHandler 00000012

Symbol: DFSDM1_FLT1_IRQHandler
   Definitions
      At line 401 in file startup_stm32l496xx.s
   Uses
      At line 154 in file startup_stm32l496xx.s
      At line 310 in file startup_stm32l496xx.s

DFSDM1_FLT2_IRQHandler 00000012

Symbol: DFSDM1_FLT2_IRQHandler
   Definitions
      At line 402 in file startup_stm32l496xx.s
   Uses
      At line 155 in file startup_stm32l496xx.s
      At line 311 in file startup_stm32l496xx.s

DFSDM1_FLT3_IRQHandler 00000012

Symbol: DFSDM1_FLT3_IRQHandler
   Definitions
      At line 381 in file startup_stm32l496xx.s
   Uses
      At line 134 in file startup_stm32l496xx.s
      At line 290 in file startup_stm32l496xx.s

DMA1_Channel1_IRQHandler 00000012

Symbol: DMA1_Channel1_IRQHandler
   Definitions
      At line 350 in file startup_stm32l496xx.s
   Uses
      At line 103 in file startup_stm32l496xx.s



ARM Macro Assembler    Page 4 Alphabetic symbol ordering
Relocatable symbols

      At line 259 in file startup_stm32l496xx.s

DMA1_Channel2_IRQHandler 00000012

Symbol: DMA1_Channel2_IRQHandler
   Definitions
      At line 351 in file startup_stm32l496xx.s
   Uses
      At line 104 in file startup_stm32l496xx.s
      At line 260 in file startup_stm32l496xx.s

DMA1_Channel3_IRQHandler 00000012

Symbol: DMA1_Channel3_IRQHandler
   Definitions
      At line 352 in file startup_stm32l496xx.s
   Uses
      At line 105 in file startup_stm32l496xx.s
      At line 261 in file startup_stm32l496xx.s

DMA1_Channel4_IRQHandler 00000012

Symbol: DMA1_Channel4_IRQHandler
   Definitions
      At line 353 in file startup_stm32l496xx.s
   Uses
      At line 106 in file startup_stm32l496xx.s
      At line 262 in file startup_stm32l496xx.s

DMA1_Channel5_IRQHandler 00000012

Symbol: DMA1_Channel5_IRQHandler
   Definitions
      At line 354 in file startup_stm32l496xx.s
   Uses
      At line 107 in file startup_stm32l496xx.s
      At line 263 in file startup_stm32l496xx.s

DMA1_Channel6_IRQHandler 00000012

Symbol: DMA1_Channel6_IRQHandler
   Definitions
      At line 355 in file startup_stm32l496xx.s
   Uses
      At line 108 in file startup_stm32l496xx.s
      At line 264 in file startup_stm32l496xx.s

DMA1_Channel7_IRQHandler 00000012

Symbol: DMA1_Channel7_IRQHandler
   Definitions
      At line 356 in file startup_stm32l496xx.s
   Uses
      At line 109 in file startup_stm32l496xx.s
      At line 265 in file startup_stm32l496xx.s

DMA2D_IRQHandler 00000012

Symbol: DMA2D_IRQHandler



ARM Macro Assembler    Page 5 Alphabetic symbol ordering
Relocatable symbols

   Definitions
      At line 428 in file startup_stm32l496xx.s
   Uses
      At line 182 in file startup_stm32l496xx.s
      At line 337 in file startup_stm32l496xx.s

DMA2_Channel1_IRQHandler 00000012

Symbol: DMA2_Channel1_IRQHandler
   Definitions
      At line 395 in file startup_stm32l496xx.s
   Uses
      At line 148 in file startup_stm32l496xx.s
      At line 304 in file startup_stm32l496xx.s

DMA2_Channel2_IRQHandler 00000012

Symbol: DMA2_Channel2_IRQHandler
   Definitions
      At line 396 in file startup_stm32l496xx.s
   Uses
      At line 149 in file startup_stm32l496xx.s
      At line 305 in file startup_stm32l496xx.s

DMA2_Channel3_IRQHandler 00000012

Symbol: DMA2_Channel3_IRQHandler
   Definitions
      At line 397 in file startup_stm32l496xx.s
   Uses
      At line 150 in file startup_stm32l496xx.s
      At line 306 in file startup_stm32l496xx.s

DMA2_Channel4_IRQHandler 00000012

Symbol: DMA2_Channel4_IRQHandler
   Definitions
      At line 398 in file startup_stm32l496xx.s
   Uses
      At line 151 in file startup_stm32l496xx.s
      At line 307 in file startup_stm32l496xx.s

DMA2_Channel5_IRQHandler 00000012

Symbol: DMA2_Channel5_IRQHandler
   Definitions
      At line 399 in file startup_stm32l496xx.s
   Uses
      At line 152 in file startup_stm32l496xx.s
      At line 308 in file startup_stm32l496xx.s

DMA2_Channel6_IRQHandler 00000012

Symbol: DMA2_Channel6_IRQHandler
   Definitions
      At line 407 in file startup_stm32l496xx.s
   Uses
      At line 160 in file startup_stm32l496xx.s
      At line 316 in file startup_stm32l496xx.s



ARM Macro Assembler    Page 6 Alphabetic symbol ordering
Relocatable symbols


DMA2_Channel7_IRQHandler 00000012

Symbol: DMA2_Channel7_IRQHandler
   Definitions
      At line 408 in file startup_stm32l496xx.s
   Uses
      At line 161 in file startup_stm32l496xx.s
      At line 317 in file startup_stm32l496xx.s

DebugMon_Handler 0000000C

Symbol: DebugMon_Handler
   Definitions
      At line 233 in file startup_stm32l496xx.s
   Uses
      At line 86 in file startup_stm32l496xx.s
      At line 234 in file startup_stm32l496xx.s

Default_Handler 00000012

Symbol: Default_Handler
   Definitions
      At line 246 in file startup_stm32l496xx.s
   Uses
      None
Comment: Default_Handler unused
EXTI0_IRQHandler 00000012

Symbol: EXTI0_IRQHandler
   Definitions
      At line 345 in file startup_stm32l496xx.s
   Uses
      At line 98 in file startup_stm32l496xx.s
      At line 254 in file startup_stm32l496xx.s

EXTI15_10_IRQHandler 00000012

Symbol: EXTI15_10_IRQHandler
   Definitions
      At line 379 in file startup_stm32l496xx.s
   Uses
      At line 132 in file startup_stm32l496xx.s
      At line 288 in file startup_stm32l496xx.s

EXTI1_IRQHandler 00000012

Symbol: EXTI1_IRQHandler
   Definitions
      At line 346 in file startup_stm32l496xx.s
   Uses
      At line 99 in file startup_stm32l496xx.s
      At line 255 in file startup_stm32l496xx.s

EXTI2_IRQHandler 00000012

Symbol: EXTI2_IRQHandler
   Definitions
      At line 347 in file startup_stm32l496xx.s



ARM Macro Assembler    Page 7 Alphabetic symbol ordering
Relocatable symbols

   Uses
      At line 100 in file startup_stm32l496xx.s
      At line 256 in file startup_stm32l496xx.s

EXTI3_IRQHandler 00000012

Symbol: EXTI3_IRQHandler
   Definitions
      At line 348 in file startup_stm32l496xx.s
   Uses
      At line 101 in file startup_stm32l496xx.s
      At line 257 in file startup_stm32l496xx.s

EXTI4_IRQHandler 00000012

Symbol: EXTI4_IRQHandler
   Definitions
      At line 349 in file startup_stm32l496xx.s
   Uses
      At line 102 in file startup_stm32l496xx.s
      At line 258 in file startup_stm32l496xx.s

EXTI9_5_IRQHandler 00000012

Symbol: EXTI9_5_IRQHandler
   Definitions
      At line 362 in file startup_stm32l496xx.s
   Uses
      At line 115 in file startup_stm32l496xx.s
      At line 271 in file startup_stm32l496xx.s

FLASH_IRQHandler 00000012

Symbol: FLASH_IRQHandler
   Definitions
      At line 343 in file startup_stm32l496xx.s
   Uses
      At line 96 in file startup_stm32l496xx.s
      At line 252 in file startup_stm32l496xx.s

FMC_IRQHandler 00000012

Symbol: FMC_IRQHandler
   Definitions
      At line 387 in file startup_stm32l496xx.s
   Uses
      At line 140 in file startup_stm32l496xx.s
      At line 296 in file startup_stm32l496xx.s

FPU_IRQHandler 00000012

Symbol: FPU_IRQHandler
   Definitions
      At line 419 in file startup_stm32l496xx.s
   Uses
      At line 173 in file startup_stm32l496xx.s
      At line 328 in file startup_stm32l496xx.s

HardFault_Handler 00000002



ARM Macro Assembler    Page 8 Alphabetic symbol ordering
Relocatable symbols


Symbol: HardFault_Handler
   Definitions
      At line 209 in file startup_stm32l496xx.s
   Uses
      At line 77 in file startup_stm32l496xx.s
      At line 210 in file startup_stm32l496xx.s

I2C1_ER_IRQHandler 00000012

Symbol: I2C1_ER_IRQHandler
   Definitions
      At line 371 in file startup_stm32l496xx.s
   Uses
      At line 124 in file startup_stm32l496xx.s
      At line 280 in file startup_stm32l496xx.s

I2C1_EV_IRQHandler 00000012

Symbol: I2C1_EV_IRQHandler
   Definitions
      At line 370 in file startup_stm32l496xx.s
   Uses
      At line 123 in file startup_stm32l496xx.s
      At line 279 in file startup_stm32l496xx.s

I2C2_ER_IRQHandler 00000012

Symbol: I2C2_ER_IRQHandler
   Definitions
      At line 373 in file startup_stm32l496xx.s
   Uses
      At line 126 in file startup_stm32l496xx.s
      At line 282 in file startup_stm32l496xx.s

I2C2_EV_IRQHandler 00000012

Symbol: I2C2_EV_IRQHandler
   Definitions
      At line 372 in file startup_stm32l496xx.s
   Uses
      At line 125 in file startup_stm32l496xx.s
      At line 281 in file startup_stm32l496xx.s

I2C3_ER_IRQHandler 00000012

Symbol: I2C3_ER_IRQHandler
   Definitions
      At line 412 in file startup_stm32l496xx.s
   Uses
      At line 165 in file startup_stm32l496xx.s
      At line 321 in file startup_stm32l496xx.s

I2C3_EV_IRQHandler 00000012

Symbol: I2C3_EV_IRQHandler
   Definitions
      At line 411 in file startup_stm32l496xx.s
   Uses



ARM Macro Assembler    Page 9 Alphabetic symbol ordering
Relocatable symbols

      At line 164 in file startup_stm32l496xx.s
      At line 320 in file startup_stm32l496xx.s

I2C4_ER_IRQHandler 00000012

Symbol: I2C4_ER_IRQHandler
   Definitions
      At line 422 in file startup_stm32l496xx.s
   Uses
      At line 176 in file startup_stm32l496xx.s
      At line 331 in file startup_stm32l496xx.s

I2C4_EV_IRQHandler 00000012

Symbol: I2C4_EV_IRQHandler
   Definitions
      At line 421 in file startup_stm32l496xx.s
   Uses
      At line 175 in file startup_stm32l496xx.s
      At line 330 in file startup_stm32l496xx.s

LCD_IRQHandler 00000012

Symbol: LCD_IRQHandler
   Definitions
      At line 417 in file startup_stm32l496xx.s
   Uses
      At line 170 in file startup_stm32l496xx.s
      At line 326 in file startup_stm32l496xx.s

LPTIM1_IRQHandler 00000012

Symbol: LPTIM1_IRQHandler
   Definitions
      At line 404 in file startup_stm32l496xx.s
   Uses
      At line 157 in file startup_stm32l496xx.s
      At line 313 in file startup_stm32l496xx.s

LPTIM2_IRQHandler 00000012

Symbol: LPTIM2_IRQHandler
   Definitions
      At line 405 in file startup_stm32l496xx.s
   Uses
      At line 158 in file startup_stm32l496xx.s
      At line 314 in file startup_stm32l496xx.s

LPUART1_IRQHandler 00000012

Symbol: LPUART1_IRQHandler
   Definitions
      At line 409 in file startup_stm32l496xx.s
   Uses
      At line 162 in file startup_stm32l496xx.s
      At line 318 in file startup_stm32l496xx.s

MemManage_Handler 00000004




ARM Macro Assembler    Page 10 Alphabetic symbol ordering
Relocatable symbols

Symbol: MemManage_Handler
   Definitions
      At line 214 in file startup_stm32l496xx.s
   Uses
      At line 78 in file startup_stm32l496xx.s
      At line 215 in file startup_stm32l496xx.s

NMI_Handler 00000000

Symbol: NMI_Handler
   Definitions
      At line 204 in file startup_stm32l496xx.s
   Uses
      At line 76 in file startup_stm32l496xx.s
      At line 205 in file startup_stm32l496xx.s

OTG_FS_IRQHandler 00000012

Symbol: OTG_FS_IRQHandler
   Definitions
      At line 406 in file startup_stm32l496xx.s
   Uses
      At line 159 in file startup_stm32l496xx.s
      At line 315 in file startup_stm32l496xx.s

PVD_PVM_IRQHandler 00000012

Symbol: PVD_PVM_IRQHandler
   Definitions
      At line 340 in file startup_stm32l496xx.s
   Uses
      At line 93 in file startup_stm32l496xx.s
      At line 249 in file startup_stm32l496xx.s

PendSV_Handler 0000000E

Symbol: PendSV_Handler
   Definitions
      At line 237 in file startup_stm32l496xx.s
   Uses
      At line 88 in file startup_stm32l496xx.s
      At line 238 in file startup_stm32l496xx.s

QUADSPI_IRQHandler 00000012

Symbol: QUADSPI_IRQHandler
   Definitions
      At line 410 in file startup_stm32l496xx.s
   Uses
      At line 163 in file startup_stm32l496xx.s
      At line 319 in file startup_stm32l496xx.s

RCC_IRQHandler 00000012

Symbol: RCC_IRQHandler
   Definitions
      At line 344 in file startup_stm32l496xx.s
   Uses
      At line 97 in file startup_stm32l496xx.s



ARM Macro Assembler    Page 11 Alphabetic symbol ordering
Relocatable symbols

      At line 253 in file startup_stm32l496xx.s

RNG_IRQHandler 00000012

Symbol: RNG_IRQHandler
   Definitions
      At line 418 in file startup_stm32l496xx.s
   Uses
      At line 172 in file startup_stm32l496xx.s
      At line 327 in file startup_stm32l496xx.s

RTC_Alarm_IRQHandler 00000012

Symbol: RTC_Alarm_IRQHandler
   Definitions
      At line 380 in file startup_stm32l496xx.s
   Uses
      At line 133 in file startup_stm32l496xx.s
      At line 289 in file startup_stm32l496xx.s

RTC_WKUP_IRQHandler 00000012

Symbol: RTC_WKUP_IRQHandler
   Definitions
      At line 342 in file startup_stm32l496xx.s
   Uses
      At line 95 in file startup_stm32l496xx.s
      At line 251 in file startup_stm32l496xx.s

Reset_Handler 00000000

Symbol: Reset_Handler
   Definitions
      At line 191 in file startup_stm32l496xx.s
   Uses
      At line 75 in file startup_stm32l496xx.s
      At line 192 in file startup_stm32l496xx.s

SAI1_IRQHandler 00000012

Symbol: SAI1_IRQHandler
   Definitions
      At line 413 in file startup_stm32l496xx.s
   Uses
      At line 166 in file startup_stm32l496xx.s
      At line 322 in file startup_stm32l496xx.s

SAI2_IRQHandler 00000012

Symbol: SAI2_IRQHandler
   Definitions
      At line 414 in file startup_stm32l496xx.s
   Uses
      At line 167 in file startup_stm32l496xx.s
      At line 323 in file startup_stm32l496xx.s

SDMMC1_IRQHandler 00000012

Symbol: SDMMC1_IRQHandler



ARM Macro Assembler    Page 12 Alphabetic symbol ordering
Relocatable symbols

   Definitions
      At line 388 in file startup_stm32l496xx.s
   Uses
      At line 141 in file startup_stm32l496xx.s
      At line 297 in file startup_stm32l496xx.s

SPI1_IRQHandler 00000012

Symbol: SPI1_IRQHandler
   Definitions
      At line 374 in file startup_stm32l496xx.s
   Uses
      At line 127 in file startup_stm32l496xx.s
      At line 283 in file startup_stm32l496xx.s

SPI2_IRQHandler 00000012

Symbol: SPI2_IRQHandler
   Definitions
      At line 375 in file startup_stm32l496xx.s
   Uses
      At line 128 in file startup_stm32l496xx.s
      At line 284 in file startup_stm32l496xx.s

SPI3_IRQHandler 00000012

Symbol: SPI3_IRQHandler
   Definitions
      At line 390 in file startup_stm32l496xx.s
   Uses
      At line 143 in file startup_stm32l496xx.s
      At line 299 in file startup_stm32l496xx.s

SVC_Handler 0000000A

Symbol: SVC_Handler
   Definitions
      At line 228 in file startup_stm32l496xx.s
   Uses
      At line 85 in file startup_stm32l496xx.s
      At line 229 in file startup_stm32l496xx.s

SWPMI1_IRQHandler 00000012

Symbol: SWPMI1_IRQHandler
   Definitions
      At line 415 in file startup_stm32l496xx.s
   Uses
      At line 168 in file startup_stm32l496xx.s
      At line 324 in file startup_stm32l496xx.s

SysTick_Handler 00000010

Symbol: SysTick_Handler
   Definitions
      At line 241 in file startup_stm32l496xx.s
   Uses
      At line 89 in file startup_stm32l496xx.s
      At line 242 in file startup_stm32l496xx.s



ARM Macro Assembler    Page 13 Alphabetic symbol ordering
Relocatable symbols


TAMP_STAMP_IRQHandler 00000012

Symbol: TAMP_STAMP_IRQHandler
   Definitions
      At line 341 in file startup_stm32l496xx.s
   Uses
      At line 94 in file startup_stm32l496xx.s
      At line 250 in file startup_stm32l496xx.s

TIM1_BRK_TIM15_IRQHandler 00000012

Symbol: TIM1_BRK_TIM15_IRQHandler
   Definitions
      At line 363 in file startup_stm32l496xx.s
   Uses
      At line 116 in file startup_stm32l496xx.s
      At line 272 in file startup_stm32l496xx.s

TIM1_CC_IRQHandler 00000012

Symbol: TIM1_CC_IRQHandler
   Definitions
      At line 366 in file startup_stm32l496xx.s
   Uses
      At line 119 in file startup_stm32l496xx.s
      At line 275 in file startup_stm32l496xx.s

TIM1_TRG_COM_TIM17_IRQHandler 00000012

Symbol: TIM1_TRG_COM_TIM17_IRQHandler
   Definitions
      At line 365 in file startup_stm32l496xx.s
   Uses
      At line 118 in file startup_stm32l496xx.s
      At line 274 in file startup_stm32l496xx.s

TIM1_UP_TIM16_IRQHandler 00000012

Symbol: TIM1_UP_TIM16_IRQHandler
   Definitions
      At line 364 in file startup_stm32l496xx.s
   Uses
      At line 117 in file startup_stm32l496xx.s
      At line 273 in file startup_stm32l496xx.s

TIM2_IRQHandler 00000012

Symbol: TIM2_IRQHandler
   Definitions
      At line 367 in file startup_stm32l496xx.s
   Uses
      At line 120 in file startup_stm32l496xx.s
      At line 276 in file startup_stm32l496xx.s

TIM3_IRQHandler 00000012

Symbol: TIM3_IRQHandler
   Definitions



ARM Macro Assembler    Page 14 Alphabetic symbol ordering
Relocatable symbols

      At line 368 in file startup_stm32l496xx.s
   Uses
      At line 121 in file startup_stm32l496xx.s
      At line 277 in file startup_stm32l496xx.s

TIM4_IRQHandler 00000012

Symbol: TIM4_IRQHandler
   Definitions
      At line 369 in file startup_stm32l496xx.s
   Uses
      At line 122 in file startup_stm32l496xx.s
      At line 278 in file startup_stm32l496xx.s

TIM5_IRQHandler 00000012

Symbol: TIM5_IRQHandler
   Definitions
      At line 389 in file startup_stm32l496xx.s
   Uses
      At line 142 in file startup_stm32l496xx.s
      At line 298 in file startup_stm32l496xx.s

TIM6_DAC_IRQHandler 00000012

Symbol: TIM6_DAC_IRQHandler
   Definitions
      At line 393 in file startup_stm32l496xx.s
   Uses
      At line 146 in file startup_stm32l496xx.s
      At line 302 in file startup_stm32l496xx.s

TIM7_IRQHandler 00000012

Symbol: TIM7_IRQHandler
   Definitions
      At line 394 in file startup_stm32l496xx.s
   Uses
      At line 147 in file startup_stm32l496xx.s
      At line 303 in file startup_stm32l496xx.s

TIM8_BRK_IRQHandler 00000012

Symbol: TIM8_BRK_IRQHandler
   Definitions
      At line 382 in file startup_stm32l496xx.s
   Uses
      At line 135 in file startup_stm32l496xx.s
      At line 291 in file startup_stm32l496xx.s

TIM8_CC_IRQHandler 00000012

Symbol: TIM8_CC_IRQHandler
   Definitions
      At line 385 in file startup_stm32l496xx.s
   Uses
      At line 138 in file startup_stm32l496xx.s
      At line 294 in file startup_stm32l496xx.s




ARM Macro Assembler    Page 15 Alphabetic symbol ordering
Relocatable symbols

TIM8_TRG_COM_IRQHandler 00000012

Symbol: TIM8_TRG_COM_IRQHandler
   Definitions
      At line 384 in file startup_stm32l496xx.s
   Uses
      At line 137 in file startup_stm32l496xx.s
      At line 293 in file startup_stm32l496xx.s

TIM8_UP_IRQHandler 00000012

Symbol: TIM8_UP_IRQHandler
   Definitions
      At line 383 in file startup_stm32l496xx.s
   Uses
      At line 136 in file startup_stm32l496xx.s
      At line 292 in file startup_stm32l496xx.s

TSC_IRQHandler 00000012

Symbol: TSC_IRQHandler
   Definitions
      At line 416 in file startup_stm32l496xx.s
   Uses
      At line 169 in file startup_stm32l496xx.s
      At line 325 in file startup_stm32l496xx.s

UART4_IRQHandler 00000012

Symbol: UART4_IRQHandler
   Definitions
      At line 391 in file startup_stm32l496xx.s
   Uses
      At line 144 in file startup_stm32l496xx.s
      At line 300 in file startup_stm32l496xx.s

UART5_IRQHandler 00000012

Symbol: UART5_IRQHandler
   Definitions
      At line 392 in file startup_stm32l496xx.s
   Uses
      At line 145 in file startup_stm32l496xx.s
      At line 301 in file startup_stm32l496xx.s

USART1_IRQHandler 00000012

Symbol: USART1_IRQHandler
   Definitions
      At line 376 in file startup_stm32l496xx.s
   Uses
      At line 129 in file startup_stm32l496xx.s
      At line 285 in file startup_stm32l496xx.s

USART2_IRQHandler 00000012

Symbol: USART2_IRQHandler
   Definitions
      At line 377 in file startup_stm32l496xx.s



ARM Macro Assembler    Page 16 Alphabetic symbol ordering
Relocatable symbols

   Uses
      At line 130 in file startup_stm32l496xx.s
      At line 286 in file startup_stm32l496xx.s

USART3_IRQHandler 00000012

Symbol: USART3_IRQHandler
   Definitions
      At line 378 in file startup_stm32l496xx.s
   Uses
      At line 131 in file startup_stm32l496xx.s
      At line 287 in file startup_stm32l496xx.s

UsageFault_Handler 00000008

Symbol: UsageFault_Handler
   Definitions
      At line 224 in file startup_stm32l496xx.s
   Uses
      At line 80 in file startup_stm32l496xx.s
      At line 225 in file startup_stm32l496xx.s

WWDG_IRQHandler 00000012

Symbol: WWDG_IRQHandler
   Definitions
      At line 339 in file startup_stm32l496xx.s
   Uses
      At line 92 in file startup_stm32l496xx.s
      At line 248 in file startup_stm32l496xx.s

102 symbols



ARM Macro Assembler    Page 1 Alphabetic symbol ordering
Absolute symbols

Heap_Size 00001000

Symbol: Heap_Size
   Definitions
      At line 57 in file startup_stm32l496xx.s
   Uses
      At line 61 in file startup_stm32l496xx.s
Comment: Heap_Size used once
Stack_Size 00000000

Symbol: Stack_Size
   Definitions
      At line 46 in file startup_stm32l496xx.s
   Uses
      At line 49 in file startup_stm32l496xx.s
Comment: Stack_Size used once
__Vectors_Size 000001AC

Symbol: __Vectors_Size
   Definitions
      At line 186 in file startup_stm32l496xx.s
   Uses
      At line 72 in file startup_stm32l496xx.s
Comment: __Vectors_Size used once
3 symbols
450 symbols in table
